Using pre-set license
Built from '2021.3/staging' branch; Version is '2021.3.8f1 (b30333d56e81) revision 11731763'; Using compiler version '192829333'; Build Type 'Release'
OS: 'Windows 10  (10.0.19044) 64bit Professional' Language: 'en' Physical Memory: 32697 MB
BatchMode: 1, IsHumanControllingUs: 0, StartBugReporterOnCrash: 0, Is64bit: 1, IsPro: 1

COMMAND LINE ARGUMENTS:
C:\Program Files\Unity\Hub\Editor\2021.3.8f1\Editor\Unity.exe
-adb2
-batchMode
-noUpm
-name
AssetImportWorker0
-projectPath
C:/UnityProject/VR Game
-logFile
Logs/AssetImportWorker0.log
-srvPort
58156
Successfully changed project path to: C:/UnityProject/VR Game
C:/UnityProject/VR Game
[UnityMemory] Configuration Parameters - Can be set up in boot.config
    "memorysetup-bucket-allocator-granularity=16"
    "memorysetup-bucket-allocator-bucket-count=8"
    "memorysetup-bucket-allocator-block-size=33554432"
    "memorysetup-bucket-allocator-block-count=8"
    "memorysetup-main-allocator-block-size=16777216"
    "memorysetup-thread-allocator-block-size=16777216"
    "memorysetup-gfx-main-allocator-block-size=16777216"
    "memorysetup-gfx-thread-allocator-block-size=16777216"
    "memorysetup-cache-allocator-block-size=4194304"
    "memorysetup-typetree-allocator-block-size=2097152"
    "memorysetup-profiler-bucket-allocator-granularity=16"
    "memorysetup-profiler-bucket-allocator-bucket-count=8"
    "memorysetup-profiler-bucket-allocator-block-size=33554432"
    "memorysetup-profiler-bucket-allocator-block-count=8"
    "memorysetup-profiler-allocator-block-size=16777216"
    "memorysetup-profiler-editor-allocator-block-size=1048576"
    "memorysetup-temp-allocator-size-main=16777216"
    "memorysetup-job-temp-allocator-block-size=2097152"
    "memorysetup-job-temp-allocator-block-size-background=1048576"
    "memorysetup-job-temp-allocator-reduction-small-platforms=262144"
    "memorysetup-temp-allocator-size-background-worker=32768"
    "memorysetup-temp-allocator-size-job-worker=262144"
    "memorysetup-temp-allocator-size-preload-manager=33554432"
    "memorysetup-temp-allocator-size-nav-mesh-worker=65536"
    "memorysetup-temp-allocator-size-audio-worker=65536"
    "memorysetup-temp-allocator-size-cloud-worker=32768"
    "memorysetup-temp-allocator-size-gi-baking-worker=262144"
    "memorysetup-temp-allocator-size-gfx=262144"
Refreshing native plugins compatible for Editor in 162.47 ms, found 3 plugins.
Preloading 0 native plugins for Editor in 0.00 ms.
Initialize engine version: 2021.3.8f1 (b30333d56e81)
[Subsystems] Discovering subsystems at path C:/Program Files/Unity/Hub/Editor/2021.3.8f1/Editor/Data/Resources/UnitySubsystems
[Subsystems] Discovering subsystems at path C:/UnityProject/VR Game/Assets
GfxDevice: creating device client; threaded=0; jobified=0
Direct3D:
    Version:  Direct3D 11.0 [level 11.1]
    Renderer: NVIDIA GeForce RTX 2060 SUPER (ID=0x1f06)
    Vendor:   NVIDIA
    VRAM:     8031 MB
    Driver:   31.0.15.1694
Initialize mono
Mono path[0] = 'C:/Program Files/Unity/Hub/Editor/2021.3.8f1/Editor/Data/Managed'
Mono path[1] = 'C:/Program Files/Unity/Hub/Editor/2021.3.8f1/Editor/Data/MonoBleedingEdge/lib/mono/unityjit-win32'
Mono config path = 'C:/Program Files/Unity/Hub/Editor/2021.3.8f1/Editor/Data/MonoBleedingEdge/etc'
Using monoOptions --debugger-agent=transport=dt_socket,embedding=1,server=y,suspend=n,address=127.0.0.1:56564
Begin MonoManager ReloadAssembly
Registering precompiled unity dll's ...
Register platform support module: C:/Program Files/Unity/Hub/Editor/2021.3.8f1/Editor/Data/PlaybackEngines/WindowsStandaloneSupport/UnityEditor.WindowsStandalone.Extensions.dll
Registered in 0.009348 seconds.
Native extension for WindowsStandalone target not found
Refreshing native plugins compatible for Editor in 142.04 ms, found 3 plugins.
Preloading 0 native plugins for Editor in 0.00 ms.
Mono: successfully reloaded assembly
- Completed reload, in  0.784 seconds
Domain Reload Profiling:
	ReloadAssembly (784ms)
		BeginReloadAssembly (84ms)
			ExecutionOrderSort (0ms)
			DisableScriptedObjects (0ms)
			BackupInstance (0ms)
			ReleaseScriptingObjects (0ms)
			CreateAndSetChildDomain (1ms)
		EndReloadAssembly (567ms)
			LoadAssemblies (81ms)
			RebuildTransferFunctionScriptingTraits (0ms)
			SetupTypeCache (132ms)
			ReleaseScriptCaches (0ms)
			RebuildScriptCaches (33ms)
			SetupLoadedEditorAssemblies (339ms)
				LogAssemblyErrors (0ms)
				InitializePlatformSupportModulesInManaged (10ms)
				SetLoadedEditorAssemblies (0ms)
				RefreshPlugins (142ms)
				BeforeProcessingInitializeOnLoad (1ms)
				ProcessInitializeOnLoadAttributes (132ms)
				ProcessInitializeOnLoadMethodAttributes (54ms)
				AfterProcessingInitializeOnLoad (0ms)
				EditorAssembliesLoaded (0ms)
			ExecutionOrderSort2 (0ms)
			AwakeInstancesAfterBackupRestoration (0ms)
Platform modules already initialized, skipping
Registering precompiled user dll's ...
Registered in 0.010146 seconds.
Begin MonoManager ReloadAssembly
Symbol file LoadedFromMemory doesn't match image C:\UnityProject\VR Game\Library\PackageCache\com.unity.visualscripting@1.7.8\Editor\VisualScripting.Core\Dependencies\YamlDotNet\Unity.VisualScripting.YamlDotNet.dll
Symbol file LoadedFromMemory doesn't match image C:\UnityProject\VR Game\Library\PackageCache\com.unity.visualscripting@1.7.8\Editor\VisualScripting.Core\Dependencies\DotNetZip\Unity.VisualScripting.IonicZip.dll
Native extension for WindowsStandalone target not found
Refreshing native plugins compatible for Editor in 141.66 ms, found 3 plugins.
Preloading 0 native plugins for Editor in 0.00 ms.
Mono: successfully reloaded assembly
- Completed reload, in  1.596 seconds
Domain Reload Profiling:
	ReloadAssembly (1597ms)
		BeginReloadAssembly (137ms)
			ExecutionOrderSort (0ms)
			DisableScriptedObjects (7ms)
			BackupInstance (0ms)
			ReleaseScriptingObjects (0ms)
			CreateAndSetChildDomain (25ms)
		EndReloadAssembly (1298ms)
			LoadAssemblies (116ms)
			RebuildTransferFunctionScriptingTraits (0ms)
			SetupTypeCache (352ms)
			ReleaseScriptCaches (2ms)
			RebuildScriptCaches (94ms)
			SetupLoadedEditorAssemblies (677ms)
				LogAssemblyErrors (0ms)
				InitializePlatformSupportModulesInManaged (7ms)
				SetLoadedEditorAssemblies (0ms)
				RefreshPlugins (142ms)
				BeforeProcessingInitializeOnLoad (142ms)
				ProcessInitializeOnLoadAttributes (292ms)
				ProcessInitializeOnLoadMethodAttributes (84ms)
				AfterProcessingInitializeOnLoad (11ms)
				EditorAssembliesLoaded (0ms)
			ExecutionOrderSort2 (0ms)
			AwakeInstancesAfterBackupRestoration (6ms)
Platform modules already initialized, skipping
========================================================================
Worker process is ready to serve import requests
Launched and connected shader compiler UnityShaderCompiler.exe after 0.08 seconds
Refreshing native plugins compatible for Editor in 1.81 ms, found 3 plugins.
Preloading 0 native plugins for Editor in 0.00 ms.
Unloading 5579 Unused Serialized files (Serialized files now loaded: 0)
Unloading 37 unused Assets / (1.1 MB). Loaded Objects now: 6044.
Memory consumption went from 226.8 MB to 225.7 MB.
Total: 4.353400 ms (FindLiveObjects: 0.611300 ms CreateObjectMapping: 0.175600 ms MarkObjects: 3.013600 ms  DeleteObjects: 0.551800 ms)

AssetImportParameters requested are different than current active one (requested -> active):
  custom:video-decoder-ogg-theora: a1e56fd34408186e4bbccfd4996cb3dc -> 
  custom:container-muxer-webm: aa71ff27fc2769a1b78a27578f13a17b -> 
  custom:container-demuxer-webm: 4f35f7cbe854078d1ac9338744f61a02 -> 
  custom:video-encoder-webm-vp8: eb34c28f22e8b96e1ab97ce403110664 -> 
  custom:video-codec-MediaFoundation-h265: e54d7ab0439102e2317fc1e4b246158d -> 
  custom:audio-encoder-webm-vorbis: bf7c407c2cedff20999df2af8eb42d56 -> 
  custom:framework-win-MediaFoundation: 216162199b28c13a410421893ffa2e32 -> 
  custom:container-demuxer-ogg: 62fdf1f143b41e24485cea50d1cbac27 -> 
  custom:video-decoder-webm-vp8: 9c59270c3fd7afecdb556c50c9e8de78 -> 
  custom:audio-decoder-ogg-vorbis: bf7c407c2cedff20999df2af8eb42d56 -> 
========================================================================
Received Import Request.
  Time since last request: 1504484.821494 seconds.
  path: Assets/Mirror_Big 1.mat
  artifactKey: Guid(618906a1553f2f244a6a26d3984cd64a) Importer(815301076,1909f56bfc062723c751e8b465ee728b)
Start importing Assets/Mirror_Big 1.mat using Guid(618906a1553f2f244a6a26d3984cd64a) Importer(815301076,1909f56bfc062723c751e8b465ee728b)  -> (artifact id: '27af8ddcd77c3dc76f8388f2c19b7a15') in 0.273955 seconds 
========================================================================
Received Import Request.
  Time since last request: 1691.153157 seconds.
  path: Assets/Produtok/LowPolyGymEquipment/Materials/Kettlebell.001.mat
  artifactKey: Guid(f7007f3cdd9cc5f4abaacf838a2fae83) Importer(815301076,1909f56bfc062723c751e8b465ee728b)
Start importing Assets/Produtok/LowPolyGymEquipment/Materials/Kettlebell.001.mat using Guid(f7007f3cdd9cc5f4abaacf838a2fae83) Importer(815301076,1909f56bfc062723c751e8b465ee728b)  -> (artifact id: 'bba3253c6c4fdc1fe17d24f741dd076e') in 0.028186 seconds 
========================================================================
Received Import Request.
  Time since last request: 0.000026 seconds.
  path: Assets/Produtok/LowPolyGymEquipment/Materials/Rower.mat
  artifactKey: Guid(d566f1710e63d3a4494c4b5640df06ae) Importer(815301076,1909f56bfc062723c751e8b465ee728b)
Start importing Assets/Produtok/LowPolyGymEquipment/Materials/Rower.mat using Guid(d566f1710e63d3a4494c4b5640df06ae) Importer(815301076,1909f56bfc062723c751e8b465ee728b)  -> (artifact id: 'f59a9d474610c11ccfa41406f2cc0ca8') in 0.022927 seconds 
========================================================================
Received Import Request.
  Time since last request: 0.000031 seconds.
  path: Assets/Produtok/LowPolyGymEquipment/Materials/Weight.mat
  artifactKey: Guid(0d3215c95eab56f4483a9b66894e4976) Importer(815301076,1909f56bfc062723c751e8b465ee728b)
Start importing Assets/Produtok/LowPolyGymEquipment/Materials/Weight.mat using Guid(0d3215c95eab56f4483a9b66894e4976) Importer(815301076,1909f56bfc062723c751e8b465ee728b)  -> (artifact id: 'd8947a976792d99006f48be041b46446') in 0.023406 seconds 
========================================================================
Received Import Request.
  Time since last request: 1.556518 seconds.
  path: Assets/Produtok/LowPolyGymEquipment/Models/ColorfulKettlebellDumbbellRack.fbx
  artifactKey: Guid(fed78a771944fe04f8de43e76e41a3e5) Importer(815301076,1909f56bfc062723c751e8b465ee728b)
Start importing Assets/Produtok/LowPolyGymEquipment/Models/ColorfulKettlebellDumbbellRack.fbx using Guid(fed78a771944fe04f8de43e76e41a3e5) Importer(815301076,1909f56bfc062723c751e8b465ee728b)  -> (artifact id: 'af2e7ac7b38a631d3db7d96ac4a28c0d') in 0.108391 seconds 
========================================================================
Received Import Request.
  Time since last request: 18.203613 seconds.
  path: Assets/Produtok/LowPolyGymEquipment/Prefabs/WeightAndHeightScale1.prefab
  artifactKey: Guid(f563ff38230fefe458e4b81c58ad8267) Importer(815301076,1909f56bfc062723c751e8b465ee728b)
Start importing Assets/Produtok/LowPolyGymEquipment/Prefabs/WeightAndHeightScale1.prefab using Guid(f563ff38230fefe458e4b81c58ad8267) Importer(815301076,1909f56bfc062723c751e8b465ee728b)  -> (artifact id: 'ea265f0071f649ba1131625dbabbcb5d') in 0.028715 seconds 
========================================================================
Received Import Request.
  Time since last request: 0.000046 seconds.
  path: Assets/Produtok/LowPolyGymEquipment/Prefabs/WeightScale1.prefab
  artifactKey: Guid(9634586f956ea774985303d1529e756d) Importer(815301076,1909f56bfc062723c751e8b465ee728b)
Start importing Assets/Produtok/LowPolyGymEquipment/Prefabs/WeightScale1.prefab using Guid(9634586f956ea774985303d1529e756d) Importer(815301076,1909f56bfc062723c751e8b465ee728b)  -> (artifact id: 'be5c1607c27f3c227e99029a27375e3f') in 0.030670 seconds 
========================================================================
Received Import Request.
  Time since last request: 0.000047 seconds.
  path: Assets/Produtok/LowPolyGymEquipment/Prefabs/WeightScale3.prefab
  artifactKey: Guid(18f628abe6c6f844bb57ee8a4dc60b02) Importer(815301076,1909f56bfc062723c751e8b465ee728b)
Start importing Assets/Produtok/LowPolyGymEquipment/Prefabs/WeightScale3.prefab using Guid(18f628abe6c6f844bb57ee8a4dc60b02) Importer(815301076,1909f56bfc062723c751e8b465ee728b)  -> (artifact id: 'fc226975bcf6a9e75a47813eadde92c9') in 0.026706 seconds 
========================================================================
Received Import Request.
  Time since last request: 0.685747 seconds.
  path: Assets/Produtok/LowPolyGymEquipment/Prefabs/WeightScale5.prefab
  artifactKey: Guid(82e11cc54dd8de447b54b5a9b28b76af) Importer(815301076,1909f56bfc062723c751e8b465ee728b)
Start importing Assets/Produtok/LowPolyGymEquipment/Prefabs/WeightScale5.prefab using Guid(82e11cc54dd8de447b54b5a9b28b76af) Importer(815301076,1909f56bfc062723c751e8b465ee728b)  -> (artifact id: '9c03b11ea881425ba9f000fd70c55e6e') in 0.028598 seconds 
